<?xml version="1.0" encoding="UTF-8"?>
<testng-results skipped="0" failed="0" ignored="0" total="1" passed="1">
  <reporter-output>
  </reporter-output>
  <suite name="Default suite" duration-ms="16004" started-at="2020-09-08T17:15:36Z" finished-at="2020-09-08T17:15:52Z">
    <groups>
    </groups>
    <test name="Default test" duration-ms="16004" started-at="2020-09-08T17:15:36Z" finished-at="2020-09-08T17:15:52Z">
      <class name="com.naukari.testcases.HomeTest">
        <test-method status="PASS" signature="setup()[pri:0, instance:com.naukari.testcases.HomeTest@7823a2f9]" name="setup" is-config="true" duration-ms="15605" started-at="2020-09-08T22:45:36Z" finished-at="2020-09-08T22:45:51Z">
          <reporter-output>
          </reporter-output>
        </test-method> <!-- setup -->
        <test-method status="PASS" signature="uploadcv()[pri:0, instance:com.naukari.testcases.HomeTest@7823a2f9]" name="uploadcv" duration-ms="381" started-at="2020-09-08T22:45:51Z" finished-at="2020-09-08T22:45:52Z">
          <reporter-output>
          </reporter-output>
        </test-method> <!-- uploadcv -->
      </class> <!-- com.naukari.testcases.HomeTest -->
    </test> <!-- Default test -->
  </suite> <!-- Default suite -->
</testng-results>
