<?xml version="1.0" encoding="UTF-8"?>
<testng-results skipped="0" failed="0" ignored="0" total="1" passed="1">
  <reporter-output>
  </reporter-output>
  <suite name="Default suite" duration-ms="18149" started-at="2020-09-09T08:12:25Z" finished-at="2020-09-09T08:12:44Z">
    <groups>
    </groups>
    <test name="Default test" duration-ms="18149" started-at="2020-09-09T08:12:25Z" finished-at="2020-09-09T08:12:44Z">
      <class name="com.naukari.testcases.HomeTest">
        <test-method status="PASS" signature="setup()[pri:0, instance:com.naukari.testcases.HomeTest@7823a2f9]" name="setup" is-config="true" duration-ms="17337" started-at="2020-09-09T13:42:25Z" finished-at="2020-09-09T13:42:43Z">
          <reporter-output>
          </reporter-output>
        </test-method> <!-- setup -->
        <test-method status="PASS" signature="uploadcv()[pri:0, instance:com.naukari.testcases.HomeTest@7823a2f9]" name="uploadcv" duration-ms="795" started-at="2020-09-09T13:42:43Z" finished-at="2020-09-09T13:42:44Z">
          <reporter-output>
          </reporter-output>
        </test-method> <!-- uploadcv -->
      </class> <!-- com.naukari.testcases.HomeTest -->
    </test> <!-- Default test -->
  </suite> <!-- Default suite -->
</testng-results>
